This is pdfTeX, Version 3.141592653-2.6-1.40.24 (MiKTeX 21.12) (preloaded format=pdflatex 2022.2.5)  11 FEB 2023 18:03
entering extended mode
 restricted \write18 enabled.
 %&-line parsing enabled.
**./292hw1.tex
(292hw1.tex
LaTeX2e <2021-11-15> patch level 1
L3 programming layer <2021-11-22>
(C:\Users\algeria\AppData\Local\Programs\MiKTeX\tex/latex/exam\exam.cls
Document Class: exam 2021/02/26 Version 2.7 by Philip Hirschhorn
(C:\Users\algeria\AppData\Local\Programs\MiKTeX\tex/latex/base\ifthen.sty
Package: ifthen 2020/11/24 v1.1c Standard LaTeX ifthen package (DPC)
)
(C:\Users\algeria\AppData\Local\Programs\MiKTeX\tex/latex/base\article.cls
Document Class: article 2021/10/04 v1.4n Standard LaTeX document class
(C:\Users\algeria\AppData\Local\Programs\MiKTeX\tex/latex/base\size10.clo
File: size10.clo 2021/10/04 v1.4n Standard LaTeX file (size option)
)
\c@part=\count183
\c@section=\count184
\c@subsection=\count185
\c@subsubsection=\count186
\c@paragraph=\count187
\c@subparagraph=\count188
\c@figure=\count189
\c@table=\count190
\abovecaptionskip=\skip47
\belowcaptionskip=\skip48
\bibindent=\dimen138
)
\@extrawidth=\skip49
\@rightmargin=\skip50
\@extrahead=\skip51
\@extrafoot=\skip52
\run@exhd=\skip53
\fp@exhd=\skip54
\run@exft=\skip55
\fp@exft=\skip56
\covrun@exhd=\skip57
\covfp@exhd=\skip58
\covrun@exft=\skip59
\covfp@exft=\skip60
\c@num@coverpages=\count191
\c@latest@ques=\count192
\c@ques@end=\count193
\c@last@object=\count194
\c@incmp@ques=\count195
\c@next@ques=\count196
\c@next@page=\count197
\c@tmp@hlfcntr=\count198
\c@ifpos@cntr=\count199
\c@question=\count266
\c@partno=\count267
\c@subpart=\count268
\c@subsubpart=\count269
\c@choice=\count270
\c@numpoints=\count271
\c@numbonuspoints=\count272
\c@pointsof@thisquestion=\count273
\c@bonuspointsof@thisquestion=\count274
\c@numquestions=\count275
\c@numparts=\count276
\c@numsubparts=\count277
\c@numsubsubparts=\count278
\c@Curr@Page=\count279
\c@@pagepoints=\count280
\c@@pagebonuspoints=\count281
\c@pageof@pagepoints=\count282
\c@pageof@pagebonuspoints=\count283
\c@latest@points=\count284
\c@latest@bonuspoints=\count285
\pageinfo@commands=\toks16
\temp@toks=\toks17
\pagepoint@commands=\toks18
\point@toks=\toks19
\c@ques@object=\count286
\marginpointssep=\skip61
\rightpointsmargin=\skip62
\choice@toks=\toks20
\answerlinelength=\skip63
\answerskip=\skip64
\answerclearance=\skip65
\fillinlinelength=\skip66
\linefillheight=\skip67
\linefillthickness=\skip68
\dottedlinefillheight=\skip69
\gridsize=\skip70
\gridlinewidth=\skip71
\minboxheight=\skip72
\c@@iterator=\count287
\@cellwidth=\skip73
\c@tbl@points=\count288
\c@tbl@bonuspoints=\count289
\c@pq@index=\count290
\c@pq@index@pts=\count291
\c@pq@index@bpts=\count292
\c@num@cols=\count293
\c@num@rows=\count294
\c@current@row=\count295
\c@cols@done=\count296
\exam@box=\box50
\saved@totalleftmargin=\dimen139
\@sollistdepth=\count297
\exam@FrameRule=\dimen140
\exam@FrameSep=\dimen141
)
(C:\Users\algeria\AppData\Local\Programs\MiKTeX\tex/latex/base\inputenc.sty
Package: inputenc 2021/02/14 v1.3d Input encoding file
\inpenc@prehook=\toks21
\inpenc@posthook=\toks22
)
(C:\Users\algeria\AppData\Local\Programs\MiKTeX\tex/latex/amsmath\amsmath.sty
Package: amsmath 2021/10/15 v2.17l AMS math features
\@mathmargin=\skip74

For additional information on amsmath, use the `?' option.
(C:\Users\algeria\AppData\Local\Programs\MiKTeX\tex/latex/amsmath\amstext.sty
Package: amstext 2021/08/26 v2.01 AMS text

(C:\Users\algeria\AppData\Local\Programs\MiKTeX\tex/latex/amsmath\amsgen.sty
File: amsgen.sty 1999/11/30 v2.0 generic functions
\@emptytoks=\toks23
\ex@=\dimen142
))
(C:\Users\algeria\AppData\Local\Programs\MiKTeX\tex/latex/amsmath\amsbsy.sty
Package: amsbsy 1999/11/29 v1.2d Bold Symbols
\pmbraise@=\dimen143
)
(C:\Users\algeria\AppData\Local\Programs\MiKTeX\tex/latex/amsmath\amsopn.sty
Package: amsopn 2021/08/26 v2.02 operator names
)
\inf@bad=\count298
LaTeX Info: Redefining \frac on input line 234.
\uproot@=\count299
\leftroot@=\count300
LaTeX Info: Redefining \overline on input line 399.
\classnum@=\count301
\DOTSCASE@=\count302
LaTeX Info: Redefining \ldots on input line 496.
LaTeX Info: Redefining \dots on input line 499.
LaTeX Info: Redefining \cdots on input line 620.
\Mathstrutbox@=\box51
\strutbox@=\box52
\big@size=\dimen144
LaTeX Font Info:    Redeclaring font encoding OML on input line 743.
LaTeX Font Info:    Redeclaring font encoding OMS on input line 744.
\macc@depth=\count303
\c@MaxMatrixCols=\count304
\dotsspace@=\muskip16
\c@parentequation=\count305
\dspbrk@lvl=\count306
\tag@help=\toks24
\row@=\count307
\column@=\count308
\maxfields@=\count309
\andhelp@=\toks25
\eqnshift@=\dimen145
\alignsep@=\dimen146
\tagshift@=\dimen147
\tagwidth@=\dimen148
\totwidth@=\dimen149
\lineht@=\dimen150
\@envbody=\toks26
\multlinegap=\skip75
\multlinetaggap=\skip76
\mathdisplay@stack=\toks27
LaTeX Info: Redefining \[ on input line 2938.
LaTeX Info: Redefining \] on input line 2939.
)
(C:\Users\algeria\AppData\Local\Programs\MiKTeX\tex/latex/amsfonts\amssymb.sty
Package: amssymb 2013/01/14 v3.01 AMS font symbols

(C:\Users\algeria\AppData\Local\Programs\MiKTeX\tex/latex/amsfonts\amsfonts.sty
Package: amsfonts 2013/01/14 v3.01 Basic AMSFonts support
\symAMSa=\mathgroup4
\symAMSb=\mathgroup5
LaTeX Font Info:    Redeclaring math symbol \hbar on input line 98.
LaTeX Font Info:    Overwriting math alphabet `\mathfrak' in version `bold'
(Font)                  U/euf/m/n --> U/euf/b/n on input line 106.
))
(C:\Users\algeria\AppData\Local\Programs\MiKTeX\tex/latex/l3backend\l3backend-p
dftex.def
File: l3backend-pdftex.def 2021-10-18 L3 backend support: PDF output (pdfTeX)
\l__color_backend_stack_int=\count310
\l__pdf_internal_box=\box53
)
No file 292hw1.aux.
\openout1 = `292hw1.aux'.

LaTeX Font Info:    Checking defaults for OML/cmm/m/it on input line 10.
LaTeX Font Info:    ... okay on input line 10.
LaTeX Font Info:    Checking defaults for OMS/cmsy/m/n on input line 10.
LaTeX Font Info:    ... okay on input line 10.
LaTeX Font Info:    Checking defaults for OT1/cmr/m/n on input line 10.
LaTeX Font Info:    ... okay on input line 10.
LaTeX Font Info:    Checking defaults for T1/cmr/m/n on input line 10.
LaTeX Font Info:    ... okay on input line 10.
LaTeX Font Info:    Checking defaults for TS1/cmr/m/n on input line 10.
LaTeX Font Info:    ... okay on input line 10.
LaTeX Font Info:    Checking defaults for OMX/cmex/m/n on input line 10.
LaTeX Font Info:    ... okay on input line 10.
LaTeX Font Info:    Checking defaults for U/cmr/m/n on input line 10.
LaTeX Font Info:    ... okay on input line 10.
LaTeX Font Info:    Trying to load font information for U+msa on input line 12.

(C:\Users\algeria\AppData\Local\Programs\MiKTeX\tex/latex/amsfonts\umsa.fd
File: umsa.fd 2013/01/14 v3.01 AMS symbols A
)
LaTeX Font Info:    Trying to load font information for U+msb on input line 12.


(C:\Users\algeria\AppData\Local\Programs\MiKTeX\tex/latex/amsfonts\umsb.fd
File: umsb.fd 2013/01/14 v3.01 AMS symbols B
)
[1

{C:/Users/algeria/AppData/Local/MiKTeX/fonts/map/pdftex/pdftex.map}] [2]
[3] [4]
This exam contains 0 questions with 0 parts, 0 subparts, and 0 subsubparts.

Class exam Warning: Point totals have changed. Rerun to get point totals right.


(292hw1.aux) ) 
Here is how much of TeX's memory you used:
 2794 strings out of 478659
 40695 string characters out of 2844973
 369616 words of memory out of 3000000
 20927 multiletter control sequences out of 15000+600000
 410678 words of font info for 56 fonts, out of 8000000 for 9000
 1141 hyphenation exceptions out of 8191
 54i,11n,62p,1537b,263s stack positions out of 5000i,500n,10000p,200000b,80000s
<C:/Users/algeria/AppData/Local/Programs/MiKTeX/fonts/type1/publi
c/amsfonts/cm/cmbx12.pfb><C:/Users/algeria/AppData/Local/Programs/MiKTeX/fonts/
type1/public/amsfonts/cm/cmex10.pfb><C:/Users/algeria/AppData/Local/Programs/Mi
KTeX/fonts/type1/public/amsfonts/cmextra/cmex7.pfb><C:/Users/algeria/AppData/Lo
cal/Programs/MiKTeX/fonts/type1/public/amsfonts/cm/cmmi10.pfb><C:/Users/algeria
/AppData/Local/Programs/MiKTeX/fonts/type1/public/amsfonts/cm/cmmi5.pfb><C:/Use
rs/algeria/AppData/Local/Programs/MiKTeX/fonts/type1/public/amsfonts/cm/cmmi7.p
fb><C:/Users/algeria/AppData/Local/Programs/MiKTeX/fonts/type1/public/amsfonts/
cm/cmr10.pfb><C:/Users/algeria/AppData/Local/Programs/MiKTeX/fonts/type1/public
/amsfonts/cm/cmr12.pfb><C:/Users/algeria/AppData/Local/Programs/MiKTeX/fonts/ty
pe1/public/amsfonts/cm/cmr17.pfb><C:/Users/algeria/AppData/Local/Programs/MiKTe
X/fonts/type1/public/amsfonts/cm/cmr5.pfb><C:/Users/algeria/AppData/Local/Progr
ams/MiKTeX/fonts/type1/public/amsfonts/cm/cmr7.pfb><C:/Users/algeria/AppData/Lo
cal/Programs/MiKTeX/fonts/type1/public/amsfonts/cm/cmsy10.pfb><C:/Users/algeria
/AppData/Local/Programs/MiKTeX/fonts/type1/public/amsfonts/cm/cmsy5.pfb><C:/Use
rs/algeria/AppData/Local/Programs/MiKTeX/fonts/type1/public/amsfonts/cm/cmsy7.p
fb><C:/Users/algeria/AppData/Local/Programs/MiKTeX/fonts/type1/public/amsfonts/
symbols/msbm10.pfb>
Output written on 292hw1.pdf (4 pages, 174324 bytes).
PDF statistics:
 90 PDF objects out of 1000 (max. 8388607)
 0 named destinations out of 1000 (max. 500000)
 1 words of extra memory for PDF output out of 10000 (max. 10000000)

